<?xml version="1.0" encoding="UTF-8"?>
<testsuite name="br.edu.utfpr.commerceapi.CommerceApiApplicationTests" tests="1" skipped="0" failures="0" errors="0" timestamp="2023-08-23T18:12:02" hostname="L16-588007" time="0.891">
  <properties/>
  <testcase name="contextLoads()" classname="br.edu.utfpr.commerceapi.CommerceApiApplicationTests" time="0.891"/>
  <system-out><![CDATA[15:12:00.748 [Test worker] INFO org.springframework.test.context.support.AnnotationConfigContextLoaderUtils -- Could not detect default configuration classes for test class [br.edu.utfpr.commerceapi.CommerceApiApplicationTests]: CommerceApiApplicationTests does not declare any static, non-private, non-final, nested classes annotated with @Configuration.
15:12:00.863 [Test worker] INFO org.springframework.boot.test.context.SpringBootTestContextBootstrapper -- Found @SpringBootConfiguration br.edu.utfpr.commerceapi.CommerceApiApplication for test class br.edu.utfpr.commerceapi.CommerceApiApplicationTests

  .   ____          _            __ _ _
 /\\ / ___'_ __ _ _(_)_ __  __ _ \ \ \ \
( ( )\___ | '_ | '_| | '_ \/ _` | \ \ \ \
 \\/  ___)| |_)| | | | | || (_| |  ) ) ) )
  '  |____| .__|_| |_|_| |_\__, | / / / /
 =========|_|==============|___/=/_/_/_/
 :: Spring Boot ::                (v3.1.2)

2023-08-23T15:12:01.370-03:00  INFO 684 --- [    Test worker] b.e.u.c.CommerceApiApplicationTests      : Starting CommerceApiApplicationTests using Java 20.0.2 with PID 684 (started by utfpr in C:\Users\utfpr\Documents\topicos-avancados_thiago\commerce-api)
2023-08-23T15:12:01.372-03:00  INFO 684 --- [    Test worker] b.e.u.c.CommerceApiApplicationTests      : No active profile set, falling back to 1 default profile: "default"
2023-08-23T15:12:02.711-03:00  INFO 684 --- [    Test worker] b.e.u.c.CommerceApiApplicationTests      : Started CommerceApiApplicationTests in 1.651 seconds (process running for 3.054)
]]></system-out>
  <system-err><![CDATA[]]></system-err>
</testsuite>
